<?xml version="1.0" encoding="UTF-8"?>
<!-- Generated by org.testng.reporters.JUnitReportReporter -->
<testsuite hostname="XXXXWEICHXL1C" name="com.emc.pie.esa.test.CmdLineTest" tests="1" failures="0" timestamp="8 Jan 2015 09:37:04 GMT" time="111.051" errors="0">
  <testcase name="testTutorialExample" time="111.051" classname="com.emc.pie.esa.test.CmdLineTest"/>
</testsuite> <!-- com.emc.pie.esa.test.CmdLineTest -->
