<?xml version="1.0" encoding="UTF-8"?>
<!-- Generated by org.testng.reporters.JUnitReportReporter -->
<testsuite hostname="XXXXWEICHXL1C" name="com.emc.pie.esa.test.StringUtilTest" tests="5" failures="0" timestamp="8 Jan 2015 07:26:53 GMT" time="0.032" errors="0">
  <testcase name="verifyData2" time="0.000" classname="com.emc.pie.esa.test.StringUtilTest"/>
  <testcase name="trim" time="0.000" classname="com.emc.pie.esa.test.StringUtilTest"/>
  <testcase name="verifyData1" time="0.000" classname="com.emc.pie.esa.test.StringUtilTest"/>
  <testcase name="verifyData1" time="0.016" classname="com.emc.pie.esa.test.StringUtilTest"/>
  <testcase name="verifyData2" time="0.016" classname="com.emc.pie.esa.test.StringUtilTest"/>
</testsuite> <!-- com.emc.pie.esa.test.StringUtilTest -->
