<?xml version="1.0" encoding="UTF-8"?>
<!-- Generated by org.testng.reporters.JUnitReportReporter -->
<testsuite hostname="XXXXWEICHXL1C" name="com.emc.pie.esa.test.CommonTest" tests="3" failures="0" timestamp="9 Jan 2015 03:32:00 GMT" time="0.016" errors="0">
  <testcase name="f" time="0.016" classname="com.emc.pie.esa.test.CommonTest"/>
  <testcase name="test01" time="0.000" classname="com.emc.pie.esa.test.CommonTest"/>
  <testcase name="f" time="0.000" classname="com.emc.pie.esa.test.CommonTest"/>
</testsuite> <!-- com.emc.pie.esa.test.CommonTest -->
